[00:28:15] [main/INFO]: Loading Minecraft 1.20.1 with Fabric Loader 0.16.3
[00:28:15] [ForkJoinPool-1-worker-1/WARN]: Mod cpm uses the version 0.6.19a which isn't compatible with Loader's extended semantic version format (Could not parse version number component '19a'!), SemVer is recommended for reliably evaluating dependencies and prioritizing newer version
[00:28:15] [ForkJoinPool-1-worker-2/WARN]: Mod mr_dungeons_andtaverns uses the version 3.0.3.f which isn't compatible with Loader's extended semantic version format (Could not parse version number component 'f'!), SemVer is recommended for reliably evaluating dependencies and prioritizing newer version
[00:28:16] [ForkJoinPool-1-worker-1/WARN]: Mod doespotatotick uses the version fabric-quilt-1.20.1-3.6.1 which isn't compatible with Loader's extended semantic version format (Could not parse version number component 'fabric'!), SemVer is recommended for reliably evaluating dependencies and prioritizing newer version
[00:28:16] [ForkJoinPool-1-worker-2/WARN]: The mod "dungeons_arise" contains invalid entries in its mod json:
- Unsupported root entry "credits" at line 12 column 12
[00:28:16] [main/INFO]: Loading 238 mods:
	- advancednetherite 2.1.3-1.20.1
	- appleskin 2.5.1+mc1.20
	- architectury 9.2.14
	- artifacts 9.5.13
	   |-- cardinal-components-base 5.2.2
	   |-- cardinal-components-entity 5.2.2
	   |-- expandability 9.0.4
	   \-- step-height-entity-attribute 1.2.0
	- attributefix 21.0.4
	- autotag-convention 2.0.2+1.20
	   \-- autotag 2.0.2+1.20
	- azurelibarmor 2.0.12
	- backslot 1.2.15
	   \-- amecsapi 1.5.0+mc1.20-pre1
	- bcc 4.0.8
	- bettercombat 1.8.6+1.20.1
	- betterendisland 1.20-Fabric-2.0.6
	   \-- org_reflections_reflections 0.10.2
	- bettervillage 3.2.0
	- bookshelf 20.2.13
	- bosses_of_mass_destruction 1.7.5-1.20.1
	   |-- maelstrom_library 1.6.1-1.20
	   \-- multipart_entities 1.5-1.20
	- brutalbosses 1.20.1-7.3
	- cardinal-components 5.2.2
	   |-- cardinal-components-block 5.2.2
	   |-- cardinal-components-chunk 5.2.2
	   |-- cardinal-components-item 5.2.2
	   |-- cardinal-components-level 5.2.2
	   |-- cardinal-components-scoreboard 5.2.2
	   \-- cardinal-components-world 5.2.2
	- cave_dweller 1.4.0
	- chococraft 0.9.12
	- cicada 0.9.1+1.20.1
	- cloth-config 11.1.136
	   \-- cloth-basic-math 0.6.1
	- clumps 12.0.0.4
	- collective 7.87
	- combatroll 1.3.3+1.20.1
	- commonnetworking 1.0.5-1.20.1
	- configured 2.2.0
	- coroutil 1.20.1-1.3.7
	- cpm 0.6.19a
	- cupboard 1.20.1-2.7
	- deeperdarker 1.3.3
	   \-- customportalapi 0.0.1-beta64-1.20
	- doespotatotick fabric-quilt-1.20.1-3.6.1
	- doubledoors 5.9
	- dragonfight 1.20.1-4.6
	- dungeons_arise 2.1.58
	- editenchanting 1.1.2
	- eldritch_mobs 1.15.2
	   |-- cardinal-components-base 5.2.2
	   |-- cardinal-components-entity 5.2.2
	   |-- polymer-blocks 0.5.15+1.20.1
	   |-- polymer-core 0.5.15+1.20.1
	   |    |-- polymer-networking 0.5.15+1.20.1
	   |    |    \-- polymer-common 0.5.15+1.20.1
	   |    |         \-- packet_tweaker 0.4.0+1.19.4
	   |    \-- polymer-registry-sync-manipulator 0.5.15+1.20.1
	   \-- server_translations_api 2.0.0+1.20
	        \-- packet_tweaker 0.4.0+1.19.4
	- emi 1.1.18+1.20.1+fabric
	- emi_enchanting 0.1.2+1.20.1
	- emi_loot 0.7.4+1.20.1+fabric
	- emi_ores 1.0+1.20.1+fabric
	- endrem 5.2.4
	- entityculling 1.7.1
	- explorerscompass 1.20.1-2.2.3-fabric
	- extra-mod-integrations 0.4.6+1.20.1
	- fabric-api 0.92.2+1.20.1
	   |-- fabric-api-base 0.4.31+1802ada577
	   |-- fabric-api-lookup-api-v1 1.6.36+1802ada577
	   |-- fabric-biome-api-v1 13.0.13+1802ada577
	   |-- fabric-block-api-v1 1.0.11+1802ada577
	   |-- fabric-block-view-api-v2 1.0.1+1802ada577
	   |-- fabric-blockrenderlayer-v1 1.1.41+1802ada577
	   |-- fabric-client-tags-api-v1 1.1.2+1802ada577
	   |-- fabric-command-api-v1 1.2.34+f71b366f77
	   |-- fabric-command-api-v2 2.2.13+1802ada577
	   |-- fabric-commands-v0 0.2.51+df3654b377
	   |-- fabric-containers-v0 0.1.64+df3654b377
	   |-- fabric-content-registries-v0 4.0.11+1802ada577
	   |-- fabric-convention-tags-v1 1.5.5+1802ada577
	   |-- fabric-crash-report-info-v1 0.2.19+1802ada577
	   |-- fabric-data-attachment-api-v1 1.0.0+de0fd6d177
	   |-- fabric-data-generation-api-v1 12.3.4+1802ada577
	   |-- fabric-dimensions-v1 2.1.54+1802ada577
	   |-- fabric-entity-events-v1 1.6.0+1c78457f77
	   |-- fabric-events-interaction-v0 0.6.2+1802ada577
	   |-- fabric-events-lifecycle-v0 0.2.63+df3654b377
	   |-- fabric-game-rule-api-v1 1.0.40+1802ada577
	   |-- fabric-item-api-v1 2.1.28+1802ada577
	   |-- fabric-item-group-api-v1 4.0.12+1802ada577
	   |-- fabric-key-binding-api-v1 1.0.37+1802ada577
	   |-- fabric-keybindings-v0 0.2.35+df3654b377
	   |-- fabric-lifecycle-events-v1 2.2.22+1802ada577
	   |-- fabric-loot-api-v2 1.2.1+1802ada577
	   |-- fabric-loot-tables-v1 1.1.45+9e7660c677
	   |-- fabric-message-api-v1 5.1.9+1802ada577
	   |-- fabric-mining-level-api-v1 2.1.50+1802ada577
	   |-- fabric-model-loading-api-v1 1.0.3+1802ada577
	   |-- fabric-models-v0 0.4.2+9386d8a777
	   |-- fabric-networking-api-v1 1.3.11+1802ada577
	   |-- fabric-networking-v0 0.3.51+df3654b377
	   |-- fabric-object-builder-api-v1 11.1.3+1802ada577
	   |-- fabric-particles-v1 1.1.2+1802ada577
	   |-- fabric-recipe-api-v1 1.0.21+1802ada577
	   |-- fabric-registry-sync-v0 2.3.3+1802ada577
	   |-- fabric-renderer-api-v1 3.2.1+1802ada577
	   |-- fabric-renderer-indigo 1.5.2+85287f9f77
	   |-- fabric-renderer-registries-v1 3.2.46+df3654b377
	   |-- fabric-rendering-data-attachment-v1 0.3.37+92a0d36777
	   |-- fabric-rendering-fluids-v1 3.0.28+1802ada577
	   |-- fabric-rendering-v0 1.1.49+df3654b377
	   |-- fabric-rendering-v1 3.0.8+1802ada577
	   |-- fabric-resource-conditions-api-v1 2.3.8+1802ada577
	   |-- fabric-resource-loader-v0 0.11.10+1802ada577
	   |-- fabric-screen-api-v1 2.0.8+1802ada577
	   |-- fabric-screen-handler-api-v1 1.3.30+1802ada577
	   |-- fabric-sound-api-v1 1.0.13+1802ada577
	   |-- fabric-transfer-api-v1 3.3.5+8dd72ea377
	   \-- fabric-transitive-access-wideners-v1 4.3.1+1802ada577
	- fabric-language-kotlin 1.10.20+kotlin.1.9.24
	   |-- org_jetbrains_kotlin_kotlin-reflect 1.9.24
	   |-- org_jetbrains_kotlin_kotlin-stdlib 1.9.24
	   |-- org_jetbrains_kotlin_kotlin-stdlib-jdk7 1.9.24
	   |-- org_jetbrains_kotlin_kotlin-stdlib-jdk8 1.9.24
	   |-- org_jetbrains_kotlinx_atomicfu-jvm 0.24.0
	   |-- org_jetbrains_kotlinx_kotlinx-coroutines-core-jvm 1.8.0
	   |-- org_jetbrains_kotlinx_kotlinx-coroutines-jdk8 1.8.0
	   |-- org_jetbrains_kotlinx_kotlinx-datetime-jvm 0.5.0
	   |-- org_jetbrains_kotlinx_kotlinx-serialization-cbor-jvm 1.6.3
	   |-- org_jetbrains_kotlinx_kotlinx-serialization-core-jvm 1.6.3
	   \-- org_jetbrains_kotlinx_kotlinx-serialization-json-jvm 1.6.3
	- fabricloader 0.16.3
	   \-- mixinextras 0.4.1
	- fakerlib 0.1.4
	   \-- mixinsquared 0.1.1
	- ferritecore 6.0.1
	- forgeconfigapiport 8.0.1
	- framework 0.6.16
	   \-- org_javassist_javassist 3.29.2-GA
	- fwaystones 3.3.2+mc1.20.1
	- fzzy_config 0.5.8+1.20.1
	   |-- blue_endless_jankson 1.2.3
	   |-- fabric-permissions-api-v0 0.3.1
	   \-- net_peanuuutz_tomlkt_tomlkt-jvm 0.3.7
	- geckolib 4.4.9
	   \-- com_eliotlash_mclib_mclib 20
	- goblintraders 1.9.3
	- graveyard 3.0
	- icarus 2.9.2
	- iceberg 1.1.25
	- immersive_armors 1.6.1+1.20.1
	- jade 11.11.0+fabric
	- java 17
	- jewelry 1.3.7+1.20.1
	   \-- com_github_zsoltmolnarrr_tinyconfig 2.3.2
	- jupiter 2.0
	- justzoom 2.0.0
	- konkrete 1.8.1
	- libraryferret 4.0.0
	- libz 1.0.3
	   |-- com_fasterxml_jackson_core_jackson-annotations 2.15.2
	   |-- com_fasterxml_jackson_core_jackson-core 2.15.2
	   \-- com_fasterxml_jackson_core_jackson-databind 2.15.2
	- lootintegrations 1.20.1-3.7
	- lootr 0.7.34.84
	- mes 1.3.4-1.20-fabric
	- minecraft 1.20.1
	- modernfix 5.19.5+mc1.20.1
	- moretotems 2.16.0
	- mr_dungeons_andtaverns 3.0.3.f
	- mythicmounts 1.20.1-7.4
	- owo 0.11.2+1.20
	- paladins 1.3.1+1.20.1
	   \-- com_github_zsoltmolnarrr_tinyconfig 2.3.2
	- patchouli 1.20.1-84-FABRIC
	   \-- fiber 0.23.0-2
	- pehkui 3.8.3+1.14.4-1.21
	   \-- kanos_config 0.4.1+1.14.4-1.19.4
	- player-animator 1.0.2-rc1+1.20
	- polymorph 0.49.7+1.20.1
	   \-- spectrelib 0.13.17+1.20.1
	        |-- com_electronwill_night-config_core 3.6.7
	        \-- com_electronwill_night-config_toml 3.6.7
	- puzzleslib 8.1.25
	   \-- puzzlesaccessapi 8.0.7
	- ranged_weapon_api 1.1.4+1.20.1
	- resourcefulconfig 2.1.2
	- ribbits 1.20.1-Fabric-3.0.2
	- runes 0.9.13+1.20.1
	- shield_api 1.0.1+1.20.1
	- showmeyourskin 1.9.0+1.20
	- simplyswords 1.56.0-1.20.1
	   \-- spruceui 5.0.0+1.20
	- skinrestorer 2.2.0+1.20-fabric
	   \-- org_mineskin_java-client 3.0.1-SNAPSHOT
	- soulsweapons 1.1.5-1.20.1-fabric
	- spell_engine 0.15.11+1.20.1
	   \-- com_github_zsoltmolnarrr_tinyconfig 2.3.2
	- spell_power 0.12.0+1.20.1
	   \-- com_github_zsoltmolnarrr_tinyconfig 2.3.2
	- starterkit 7.1
	- structure_pool_api 1.0+1.20.1
	- structureessentials 1.20.1-3.4
	- terralith 2.5.4
	- tiered 1.3.3
	   \-- reach-entity-attributes 2.4.0
	- toofast 1.2.0
	- travelersbackpack 9.1.18
	   \-- reach-entity-attributes 2.4.0
	- trinkets 3.7.2
	- uranus 2.1.5
	   \-- sponsor_core 1.0.0
	- visualworkbench 8.0.0
	- voicechat 1.20.1-2.5.26
	   \-- fabric-key-binding-api-v1 1.0.36+fb8d95da82
	- watut 1.20.1-1.1.3
	- wizards 1.3.0+1.20.1
	   \-- com_github_zsoltmolnarrr_tinyconfig 2.3.2
	- xaerominimap 24.6.1
	- xaeroworldmap 1.39.0
	- yet_another_config_lib_v3 3.6.1+1.20.1-fabric
	   |-- com_twelvemonkeys_common_common-image 3.10.0
	   |-- com_twelvemonkeys_common_common-io 3.10.0
	   |-- com_twelvemonkeys_common_common-lang 3.10.0
	   |-- com_twelvemonkeys_imageio_imageio-core 3.10.0
	   |-- com_twelvemonkeys_imageio_imageio-metadata 3.10.0
	   |-- com_twelvemonkeys_imageio_imageio-webp 3.10.0
	   |-- org_quiltmc_parsers_gson 0.2.1
	   \-- org_quiltmc_parsers_json 0.2.1
	- yigd 2.0.10
	   \-- libgui 8.1.1+1.20.1
	        |-- jankson 6.0.0+j1.2.3
	        \-- libninepatch 1.2.0
	- yungsapi 1.20-Fabric-4.0.6
	- zenith 1.2.4-1.20.1
	   |-- mm 2.3
	   |-- porting_lib_base 2.3.4+1.20.1
	   |    |-- porting_lib_accessors 2.3.4+1.20.1
	   |    |-- porting_lib_config 2.3.4+1.20.1
	   |    |-- porting_lib_core 2.3.4+1.20.1
	   |    |-- porting_lib_fluids 2.3.4+1.20.1
	   |    |-- porting_lib_lazy_registration 2.3.4+1.20.1
	   |    |-- porting_lib_mixin_extensions 2.3.4+1.20.1
	   |    |-- porting_lib_transfer 2.3.4+1.20.1
	   |    \-- reach-entity-attributes 2.4.0
	   |-- porting_lib_loot 2.3.4+1.20.1
	   |    |-- porting_lib_core 2.3.4+1.20.1
	   |    \-- porting_lib_lazy_registration 2.3.4+1.20.1
	   |-- porting_lib_model_loader 2.3.4+1.20.1
	   |    \-- porting_lib_core 2.3.4+1.20.1
	   |-- porting_lib_model_materials 2.3.4+1.20.1
	   |    \-- porting_lib_core 2.3.4+1.20.1
	   |-- porting_lib_models 2.3.4+1.20.1
	   |    |-- porting_lib_core 2.3.4+1.20.1
	   |    |-- porting_lib_fluids 2.3.4+1.20.1
	   |    \-- porting_lib_transfer 2.3.4+1.20.1
	   |-- porting_lib_tags 3.0
	   |    \-- porting_lib_core 2.3.4+1.20.1
	   |-- porting_lib_tool_actions 2.3.4+1.20.1
	   |    \-- porting_lib_core 2.3.4+1.20.1
	   \-- porting_lib_utility 2.3.4+1.20.1
	        \-- porting_lib_core 2.3.4+1.20.1
	- zenith_attributes 0.2.9
	   |-- additionalentityattributes 1.7.6+1.20.1
	   |-- cardinal-components-base 5.2.2
	   |-- cardinal-components-entity 5.2.2
	   |-- playerabilitylib 1.8.0
	   |-- porting_lib_attributes 2.3.4+1.20.1
	   |    |-- porting_lib_core 2.3.4+1.20.1
	   |    \-- reach-entity-attributes 2.4.0
	   |-- porting_lib_common 2.3.4+1.20.1
	   |    \-- porting_lib_core 2.3.4+1.20.1
	   |-- porting_lib_entity 2.3.4+1.20.1
	   |    |-- porting_lib_core 2.3.4+1.20.1
	   |    \-- porting_lib_mixin_extensions 2.3.4+1.20.1
	   |-- porting_lib_extensions 2.3.4+1.20.1
	   |    |-- porting_lib_accessors 2.3.4+1.20.1
	   |    |-- porting_lib_core 2.3.4+1.20.1
	   |    \-- reach-entity-attributes 2.4.0
	   \-- reach-entity-attributes 2.4.0
[00:28:17] [main/INFO]: SpongePowered MIXIN Subsystem Version=0.8.7 Source=file:/workspaces/chocolate/servidor_minecraft/libraries/net/fabricmc/sponge-mixin/0.15.2+mixin.0.8.7/sponge-mixin-0.15.2+mixin.0.8.7.jar Service=Knot/Fabric Env=SERVER
[00:28:17] [main/INFO]: Compatibility level set to JAVA_17
[00:28:17] [main/WARN]: Reference map 'cave_dweller.refmap.json' for cave_dweller.mixins.json could not be read. If this is a development environment you can ignore this message
[00:28:17] [main/WARN]: Reference map 'coroutil.refmap.json' for coroutil_fabric.mixins.json could not be read. If this is a development environment you can ignore this message
[00:28:17] [main/WARN]: Reference map 'graveyard-FABRIC-fabric-refmap.json' for graveyard-fabric.mixins.json could not be read. If this is a development environment you can ignore this message
[00:28:18] [main/INFO]: Loaded configuration file for ModernFix 5.19.5+mc1.20.1: 61 options available, 0 override(s) found
[00:28:18] [main/INFO]: Applying Nashorn fix
[00:28:18] [main/WARN]: Reference map 'mythic-mounts-refmap.json' for mythic-mounts.mixins.json could not be read. If this is a development environment you can ignore this message
[00:28:18] [main/WARN]: Reference map 'simplyswords-fabric-refmap.json' for simplyswords.mixins.json could not be read. If this is a development environment you can ignore this message
[00:28:18] [main/WARN]: Reference map 'starterkit_fabric.refmap.json' for starterkit_fabric.mixins.json could not be read. If this is a development environment you can ignore this message
[00:28:18] [main/WARN]: Error loading class: net/minecraft/class_906 (java.lang.ClassNotFoundException: net/minecraft/class_906)
[00:28:18] [main/WARN]: @Mixin target net.minecraft.class_906 was not found porting_lib_tool_actions.mixins.json:FishingHookRendererMixin from mod porting_lib_tool_actions
[00:28:18] [main/WARN]: Error loading class: dev/ftb/mods/ftbchunks/data/ClaimedChunkManagerImpl (java.lang.ClassNotFoundException: dev/ftb/mods/ftbchunks/data/ClaimedChunkManagerImpl)
[00:28:18] [main/WARN]: @Mixin target dev.ftb.mods.ftbchunks.data.ClaimedChunkManagerImpl was not found doespotatotick.mixins.json:ClaimedChunkManagerImplMixin from mod doespotatotick
[00:28:19] [main/WARN]: Error loading class: fr/catcore/server/translations/api/resource/language/SystemDelegatedLanguage (java.lang.ClassNotFoundException: fr/catcore/server/translations/api/resource/language/SystemDelegatedLanguage)
[00:28:19] [main/INFO]: Loaded config for: structureessentials.json
[00:28:19] [main/WARN]: Error loading class: io/wispforest/accessories/impl/AccessoriesEventHandler (java.lang.ClassNotFoundException: io/wispforest/accessories/impl/AccessoriesEventHandler)
[00:28:19] [main/WARN]: @Mixin target io.wispforest.accessories.impl.AccessoriesEventHandler was not found travelersbackpack.mixins.json:AccessoriesEventHandlerMixin from mod travelersbackpack
[00:28:19] [main/WARN]: Error loading class: com/beansgalaxy/backpacks/compat/TrinketsRegistry$1 (java.lang.ClassNotFoundException: com/beansgalaxy/backpacks/compat/TrinketsRegistry$1)
[00:28:19] [main/WARN]: Error loading class: net/minecraft/class_465 (java.lang.ClassNotFoundException: net/minecraft/class_465)
[00:28:19] [main/WARN]: @Mixin target net.minecraft.class_465 was not found zenith.mixins.json:AbstractContainerScreenAccessor from mod zenith
[00:28:19] [main/WARN]: Error loading class: net/minecraft/class_332 (java.lang.ClassNotFoundException: net/minecraft/class_332)
[00:28:19] [main/WARN]: @Mixin target net.minecraft.class_332 was not found zenith.mixins.json:GuiGraphicsAccessor from mod zenith
[00:28:19] [main/WARN]: Error loading class: net/minecraft/class_8002 (java.lang.ClassNotFoundException: net/minecraft/class_8002)
[00:28:19] [main/WARN]: @Mixin target net.minecraft.class_8002 was not found zenith.mixins.json:TooltipRenderUtilAccessor from mod zenith
[00:28:20] [main/INFO]: Initializing MixinExtras via com.llamalad7.mixinextras.service.MixinExtrasServiceImpl(version=0.4.1).
[00:28:24] [main/WARN]: @Inject(@At("INVOKE")) Shift.BY=2 on porting_lib_entity.mixins.json:common.LivingEntityMixin from mod porting_lib_entity::handler$cpa000$porting_lib_entity$port_lib$onFinishUsing exceeds the maximum allowed value: 0. Increase the value of maxShiftBy to suppress this warning.
[00:28:25] [main/WARN]: Method overwrite conflict for method_5837 in eldritch_mobs.mixins.json:MobEntityMixin from mod eldritch_mobs, previously written by com.brutalbosses.mixin.BossCapMixin. Skipping method.
[00:28:29] [main/WARN]: Static binding violation: PRIVATE @Overwrite method method_21740 in modernfix-common.mixins.json:perf.remove_biome_temperature_cache.BiomeMixin from mod modernfix cannot reduce visibiliy of PUBLIC target method, visibility will be upgraded.
[00:28:30] [main/INFO]: Vanilla bootstrap took 9399 milliseconds
[00:28:30] [main/INFO]: Initializing platform helper for Advanced Netherite!
[00:28:30] [main/INFO]: Registering C2S receiver with id artifacts:networking_channel/42a7ad70b1cc371599a0eff744096b8a
[00:28:30] [main/INFO]: Registering C2S receiver with id artifacts:networking_channel/74a5e841822a3a87854ae896a33430d6
[00:28:30] [main/INFO]: Registering C2S receiver with id artifacts:networking_channel/eb3d1e2748533430848cadf0f37c7e9c
[00:28:30] [main/INFO]: Registering C2S receiver with id artifacts:networking_channel/91c8520f19f93b3e8b6a727568e194ab
[00:28:30] [main/INFO]: Registering C2S receiver with id artifacts:networking_channel/8c2784d778293fd482ed84b8aa5fedb9
[00:28:30] [main/INFO]: Registering C2S receiver with id artifacts:networking_channel/ea038224ea783d40b2863f52239e2604
[00:28:30] [main/INFO]: Registering C2S receiver with id artifacts:networking_channel/97ad64b7ecaf33209991c4f031501a58
[00:28:31] [main/INFO]: Better Compatibility Checker starting
[00:28:31] [main/INFO]: Loading config file
[00:28:31] [main/INFO]: Config file loaded
[00:28:31] [main/INFO]: Reflections took 69 ms to scan 1 urls, producing 1 keys and 2 values
[00:28:31] [main/INFO]: Reflections took 4 ms to scan 1 urls, producing 1 keys and 2 values
[00:28:31] [main/INFO]: Fixing MC-151457. Crafting remainder for minecraft:pufferfish_bucket is now minecraft:bucket.
[00:28:31] [main/INFO]: Fixing MC-151457. Crafting remainder for minecraft:salmon_bucket is now minecraft:bucket.
[00:28:31] [main/INFO]: Fixing MC-151457. Crafting remainder for minecraft:cod_bucket is now minecraft:bucket.
[00:28:31] [main/INFO]: Fixing MC-151457. Crafting remainder for minecraft:tropical_fish_bucket is now minecraft:bucket.
[00:28:31] [main/INFO]: Fixing MC-151457. Crafting remainder for minecraft:axolotl_bucket is now minecraft:bucket.
[00:28:31] [main/INFO]: Fixing MC-151457. Crafting remainder for minecraft:powder_snow_bucket is now minecraft:bucket.
[00:28:31] [main/INFO]: Fixing MC-151457. Crafting remainder for minecraft:tadpole_bucket is now minecraft:bucket.
[00:28:31] [main/INFO]: Brutal bosses initialized
[00:28:31] [main/INFO]: Loading Collective version 7.87.
[00:28:31] [main/INFO]: fabric loader environment detected
[00:28:31] [main/INFO]: Customizable Player Models Initialized
[00:28:31] [main/INFO]: Customizable Player Models API initialized: Loaded plugins: (0)

[00:28:31] [main/INFO]: Loaded config for: cupboard.json
[00:28:32] [main/INFO]: Bypassed Mojang DFU
[00:28:32] [main/INFO]: Instantiating Mojang DFU
[00:28:33] [main/ERROR]: No data fixer registered for crystallized_amber
[00:28:33] [main/ERROR]: No data fixer registered for sculk_jaw
[00:28:33] [main/INFO]: Channelling eldritch energies...
[00:28:34] [main/INFO]: Loaded config :emi_loot_config in 1215ms
[00:28:34] [main/INFO]: ExpandAbility here, who dis?
[00:28:35] [main/INFO]: Look at the cleanse, look at the moves!
[00:28:35] [Placebo (FakerLib) Patreon Wing Loader/INFO]: Loading patreon wing data...
[00:28:35] [Placebo (FakerLib) Patreon Trail Loader/INFO]: Loading patreon trails data...
[00:28:35] [main/INFO]: Reflections took 40 ms to scan 1 urls, producing 2 keys and 9 values
[00:28:35] [Placebo (FakerLib) Patreon Wing Loader/INFO]: Loaded 25 patreon wings.
[00:28:35] [Placebo (FakerLib) Patreon Trail Loader/INFO]: Loaded 33 patreon trails.
[00:28:35] [main/INFO]: Is initializing.
[00:28:35] [main/INFO]: Has successfully been initialized.
[00:28:36] [main/INFO]: Registered JSON trade offer adapter.
[00:28:36] [main/INFO]: 1 Jupiter entrypoint(s) detected: jupiter:jupiter
[00:28:36] [main/WARN]: [JUST ZOOM] Disabling 'Just Zoom' since it's a client-side mod and current environment is server!
[00:28:36] [main/INFO]: [KONKRETE] Successfully initialized!
[00:28:36] [main/INFO]: [KONKRETE] Server-side libs ready to use!
[00:28:36] [main/INFO]: Initialize mod Library Ferret
[00:28:36] [main/INFO]: Initialized mod Library Ferret
[00:28:36] [main/INFO]: Definitely not up to no good
[00:28:36] [main/INFO]: Noaaan: It's surprising how much knowledge is lost by the simple fact that people don't know it
[00:28:37] [main/INFO]: Constructing common components for puzzleslib:main
[00:28:37] [main/INFO]: Reflections took 27 ms to scan 1 urls, producing 6 keys and 40 values
[00:28:37] [main/INFO]: Reflections took 15 ms to scan 1 urls, producing 6 keys and 40 values
[00:28:37] [main/INFO]: Registering Ribbit instruments...
[00:28:37] [main/INFO]: Registering Ribbit umbrella types...
[00:28:37] [main/INFO]: Registering Ribbit professions...
[00:28:37] [main/INFO]: Registering Ribbit data serializers...
[00:28:37] [main/INFO]: Shield API initialized!
[00:28:38] [main/INFO]: [STDOUT]: /workspaces/chocolate/servidor_minecraft/config
[00:28:38] [main/INFO]: Config initialized!
[00:28:38] [main/INFO]: Successfully initialized Geckolib!
[00:28:38] [main/INFO]: Successfully registered SoulsWeapons content!
[00:28:38] [main/INFO]: Successfully registered built-in 2D model resourcepack!
[00:28:38] [main/INFO]: Successfully registered built-in Legacy 2D Models resourcepack!
[00:28:38] [main/INFO]: Successfully registered built-in Legacy 3D Models resourcepack!
[00:28:38] [main/INFO]: Successfully registered built-in Fresh Animations Compat. resourcepack!
[00:28:38] [main/INFO]: Initializing done, time taken: 507ms
[00:28:38] [Thread-6/INFO]: Starting to fetch sponsor list.
[00:28:39] [main/INFO]: structureessentials mod initialized
[00:28:39] [main/INFO]: Registered the FluidEffect with Unique ID of minecraft:water for minecraft:water 81000 with the ID 0
[00:28:39] [main/INFO]: Registered the FluidEffect with Unique ID of minecraft:lava for minecraft:lava 81000 with the ID 1
[00:28:39] [main/INFO]: Registered the FluidEffect with Unique ID of travelersbackpack:potion for travelersbackpack:potion_still 27000 with the ID 2
[00:28:39] [main/INFO]: Registered the FluidEffect with Unique ID of travelersbackpack:milk for travelersbackpack:milk_still 81000 with the ID 3
[00:28:39] [main/INFO]: Constructing common components for visualworkbench:main
[00:28:39] [main/INFO]: [voicechat] Compatibility version 18
[00:28:39] [Thread-6/INFO]: Successfully fetch sponsor list.
[00:28:39] [main/INFO]: [voicechat] Loading plugins
[00:28:39] [main/INFO]: [voicechat] Loaded 0 plugin(s)
[00:28:39] [main/INFO]: [voicechat] Initializing plugins
[00:28:39] [main/INFO]: [voicechat] Initialized 0 plugin(s)
[00:28:39] [main/INFO]: Reflections took 4 ms to scan 1 urls, producing 1 keys and 4 values
[00:28:39] [main/INFO]: Reflections took 4 ms to scan 1 urls, producing 1 keys and 4 values
[00:28:40] [main/INFO]: Loading Xaero's Minimap - Stage 1/2 (Server)
[00:28:40] [main/INFO]: Loading Xaero's World Map - Stage 1/2 (Server)
[00:28:40] [main/INFO]: Environment: authHost='https://authserver.mojang.com', accountsHost='https://api.mojang.com', sessionHost='https://sessionserver.mojang.com', servicesHost='https://api.minecraftservices.com', name='PROD'
[00:28:44] [main/WARN]: Adding spell_power:fire to saved/remote registry.
[00:28:44] [main/WARN]: Adding spell_power:frost to saved/remote registry.
[00:28:44] [main/WARN]: Adding spell_power:arcane to saved/remote registry.
[00:28:44] [main/INFO]: [fabric-registry-sync] Loaded registry data [file 1/4]
[00:28:45] [main/WARN]: Method overwrite conflict for getRolls in emi_loot.mixins.json:LootPoolAccessor from mod emi_loot, previously written by net.fabricmc.fabric.mixin.loot.table.LootPoolMixin. Skipping method.
[00:28:46] [Worker-Main-1/ERROR]: Couldn't load tag create:pressurized_air_sources as it is missing following references: deeperdarker:warden_backtank (from fabric)
[00:28:47] [Worker-Main-1/ERROR]: Couldn't parse element loot_tables:deeperdarker:blocks/warden_backtank
com.google.gson.JsonSyntaxException: Expected name to be an item, was unknown string 'deeperdarker:warden_backtank'
	at net.minecraft.class_3518.method_17995(class_3518.java:145) ~[server-intermediary.jar:?]
	at java.util.Optional.orElseThrow(Optional.java:403) ~[?:?]
	at net.minecraft.class_3518.method_15256(class_3518.java:145) ~[server-intermediary.jar:?]
	at net.minecraft.class_3518.method_15288(class_3518.java:153) ~[server-intermediary.jar:?]
	at net.minecraft.class_77$class_78.method_413(class_77.java:55) ~[server-intermediary.jar:?]
	at net.minecraft.class_77$class_78.method_443(class_77.java:40) ~[server-intermediary.jar:?]
	at net.minecraft.class_85$class_90.method_441(class_85.java:151) ~[server-intermediary.jar:?]
	at net.minecraft.class_85$class_90.method_424(class_85.java:129) ~[server-intermediary.jar:?]
	at net.minecraft.class_79$class_5337.method_29319(class_79.java:86) ~[server-intermediary.jar:?]
	at net.minecraft.class_79$class_5337.method_517(class_79.java:74) ~[server-intermediary.jar:?]
	at net.minecraft.class_5330$class_5333.deserialize(class_5330.java:102) ~[server-intermediary.jar:?]
	at com.google.gson.internal.bind.TreeTypeAdapter.read(TreeTypeAdapter.java:76) ~[gson-2.10.jar:?]
	at com.google.gson.internal.bind.TypeAdapterRuntimeTypeWrapper.read(TypeAdapterRuntimeTypeWrapper.java:40) ~[gson-2.10.jar:?]
	at com.google.gson.internal.bind.ArrayTypeAdapter.read(ArrayTypeAdapter.java:72) ~[gson-2.10.jar:?]
	at com.google.gson.Gson.fromJson(Gson.java:1214) ~[gson-2.10.jar:?]
	at com.google.gson.Gson.fromJson(Gson.java:1319) ~[gson-2.10.jar:?]
	at com.google.gson.Gson.fromJson(Gson.java:1290) ~[gson-2.10.jar:?]
	at com.google.gson.internal.bind.TreeTypeAdapter$GsonContextImpl.deserialize(TreeTypeAdapter.java:179) ~[gson-2.10.jar:?]
	at net.minecraft.class_3518.method_15291(class_3518.java:463) ~[server-intermediary.jar:?]
	at net.minecraft.class_3518.method_15272(class_3518.java:471) ~[server-intermediary.jar:?]
	at net.minecraft.class_55$class_57.method_358(class_55.java:173) ~[server-intermediary.jar:?]
	at net.minecraft.class_55$class_57.deserialize(class_55.java:169) ~[server-intermediary.jar:?]
	at com.google.gson.internal.bind.TreeTypeAdapter.read(TreeTypeAdapter.java:76) ~[gson-2.10.jar:?]
	at com.google.gson.internal.bind.TypeAdapterRuntimeTypeWrapper.read(TypeAdapterRuntimeTypeWrapper.java:40) ~[gson-2.10.jar:?]
	at com.google.gson.internal.bind.ArrayTypeAdapter.read(ArrayTypeAdapter.java:72) ~[gson-2.10.jar:?]
	at com.google.gson.Gson.fromJson(Gson.java:1214) ~[gson-2.10.jar:?]
	at com.google.gson.Gson.fromJson(Gson.java:1319) ~[gson-2.10.jar:?]
	at com.google.gson.Gson.fromJson(Gson.java:1290) ~[gson-2.10.jar:?]
	at com.google.gson.internal.bind.TreeTypeAdapter$GsonContextImpl.deserialize(TreeTypeAdapter.java:179) ~[gson-2.10.jar:?]
	at net.minecraft.class_3518.method_15291(class_3518.java:463) ~[server-intermediary.jar:?]
	at net.minecraft.class_3518.method_15283(class_3518.java:481) ~[server-intermediary.jar:?]
	at net.minecraft.class_52$class_54.method_340(class_52.java:250) ~[server-intermediary.jar:?]
	at net.minecraft.class_52$class_54.deserialize(class_52.java:246) ~[server-intermediary.jar:?]
	at com.google.gson.internal.bind.TreeTypeAdapter.read(TreeTypeAdapter.java:76) ~[gson-2.10.jar:?]
	at com.google.gson.Gson.fromJson(Gson.java:1214) ~[gson-2.10.jar:?]
	at com.google.gson.Gson.fromJson(Gson.java:1319) ~[gson-2.10.jar:?]
	at com.google.gson.Gson.fromJson(Gson.java:1261) ~[gson-2.10.jar:?]
	at net.minecraft.class_8490.method_51205(class_8490.java:64) ~[server-intermediary.jar:?]
	at net.minecraft.class_8490.method_51204(class_8490.java:48) ~[server-intermediary.jar:?]
	at net.minecraft.class_60.method_51195(class_60.java:55) ~[server-intermediary.jar:?]
	at java.util.HashMap.forEach(HashMap.java:1421) ~[?:?]
	at net.minecraft.class_60.method_51189(class_60.java:55) ~[server-intermediary.jar:?]
	at java.util.concurrent.CompletableFuture$AsyncRun.run(CompletableFuture.java:1804) ~[?:?]
	at java.util.concurrent.CompletableFuture$AsyncRun.exec(CompletableFuture.java:1796) ~[?:?]
	at java.util.concurrent.ForkJoinTask.doExec(ForkJoinTask.java:373) ~[?:?]
	at java.util.concurrent.ForkJoinPool$WorkQueue.topLevelExec(ForkJoinPool.java:1182) ~[?:?]
	at java.util.concurrent.ForkJoinPool.scan(ForkJoinPool.java:1655) ~[?:?]
	at java.util.concurrent.ForkJoinPool.runWorker(ForkJoinPool.java:1622) ~[?:?]
	at java.util.concurrent.ForkJoinWorkerThread.run(ForkJoinWorkerThread.java:165) ~[?:?]
[00:28:51] [main/INFO]: parsing loot tables
[00:28:52] [main/INFO]: finished parsing loot tables
[00:28:52] [main/ERROR]: Parsing error loading recipe deeperdarker:warden_diving_boots_smithing
com.google.gson.JsonSyntaxException: Unknown item 'create:netherite_diving_boots'
	at net.minecraft.class_1869.method_17878(class_1869.java:272) ~[server-intermediary.jar:?]
	at java.util.Optional.orElseThrow(Optional.java:403) ~[?:?]
	at net.minecraft.class_1869.method_8155(class_1869.java:272) ~[server-intermediary.jar:?]
	at net.minecraft.class_1856.method_8107(class_1856.java:160) ~[server-intermediary.jar:?]
	at net.minecraft.class_1856.method_8102(class_1856.java:143) ~[server-intermediary.jar:?]
	at net.minecraft.class_1856.method_52177(class_1856.java:135) ~[server-intermediary.jar:?]
	at net.minecraft.class_8060$class_8061.method_48455(class_8060.java:88) ~[server-intermediary.jar:?]
	at net.minecraft.class_8060$class_8061.method_8121(class_8060.java:84) ~[server-intermediary.jar:?]
	at net.minecraft.class_1863.method_17720(class_1863.java:135) ~[server-intermediary.jar:?]
	at net.minecraft.class_1863.method_20705(class_1863.java:56) ~[server-intermediary.jar:?]
	at net.minecraft.class_1863.method_18788(class_1863.java:35) ~[server-intermediary.jar:?]
	at net.minecraft.class_4080.method_18790(class_4080.java:13) ~[server-intermediary.jar:?]
	at java.util.concurrent.CompletableFuture$UniAccept.tryFire(CompletableFuture.java:718) ~[?:?]
	at java.util.concurrent.CompletableFuture$Completion.run(CompletableFuture.java:482) ~[?:?]
	at net.minecraft.class_4014.method_18365(class_4014.java:69) ~[server-intermediary.jar:?]
	at net.minecraft.class_156.method_43498(class_156.java:950) ~[server-intermediary.jar:?]
	at net.minecraft.class_156.method_43499(class_156.java:938) ~[server-intermediary.jar:?]
	at net.minecraft.server.Main.main(Main.java:160) ~[server-intermediary.jar:?]
	at net.fabricmc.loader.impl.game.minecraft.MinecraftGameProvider.launch(MinecraftGameProvider.java:480) ~[fabric-loader-0.16.3.jar:?]
	at net.fabricmc.loader.impl.launch.knot.Knot.launch(Knot.java:74) ~[fabric-loader-0.16.3.jar:?]
	at net.fabricmc.loader.impl.launch.knot.KnotServer.main(KnotServer.java:23) ~[fabric-loader-0.16.3.jar:?]
	at net.fabricmc.loader.impl.launch.server.FabricServerLauncher.main(FabricServerLauncher.java:69) ~[fabric-loader-0.16.3.jar:?]
	at net.fabricmc.installer.ServerLauncher.main(ServerLauncher.java:69) ~[fabric-server-launch.jar:1.0.1]
[00:28:52] [main/ERROR]: Parsing error loading recipe deeperdarker:warden_diving_helmet_smithing
com.google.gson.JsonSyntaxException: Unknown item 'create:netherite_diving_helmet'
	at net.minecraft.class_1869.method_17878(class_1869.java:272) ~[server-intermediary.jar:?]
	at java.util.Optional.orElseThrow(Optional.java:403) ~[?:?]
	at net.minecraft.class_1869.method_8155(class_1869.java:272) ~[server-intermediary.jar:?]
	at net.minecraft.class_1856.method_8107(class_1856.java:160) ~[server-intermediary.jar:?]
	at net.minecraft.class_1856.method_8102(class_1856.java:143) ~[server-intermediary.jar:?]
	at net.minecraft.class_1856.method_52177(class_1856.java:135) ~[server-intermediary.jar:?]
	at net.minecraft.class_8060$class_8061.method_48455(class_8060.java:88) ~[server-intermediary.jar:?]
	at net.minecraft.class_8060$class_8061.method_8121(class_8060.java:84) ~[server-intermediary.jar:?]
	at net.minecraft.class_1863.method_17720(class_1863.java:135) ~[server-intermediary.jar:?]
	at net.minecraft.class_1863.method_20705(class_1863.java:56) ~[server-intermediary.jar:?]
	at net.minecraft.class_1863.method_18788(class_1863.java:35) ~[server-intermediary.jar:?]
	at net.minecraft.class_4080.method_18790(class_4080.java:13) ~[server-intermediary.jar:?]
	at java.util.concurrent.CompletableFuture$UniAccept.tryFire(CompletableFuture.java:718) ~[?:?]
	at java.util.concurrent.CompletableFuture$Completion.run(CompletableFuture.java:482) ~[?:?]
	at net.minecraft.class_4014.method_18365(class_4014.java:69) ~[server-intermediary.jar:?]
	at net.minecraft.class_156.method_43498(class_156.java:950) ~[server-intermediary.jar:?]
	at net.minecraft.class_156.method_43499(class_156.java:938) ~[server-intermediary.jar:?]
	at net.minecraft.server.Main.main(Main.java:160) ~[server-intermediary.jar:?]
	at net.fabricmc.loader.impl.game.minecraft.MinecraftGameProvider.launch(MinecraftGameProvider.java:480) ~[fabric-loader-0.16.3.jar:?]
	at net.fabricmc.loader.impl.launch.knot.Knot.launch(Knot.java:74) ~[fabric-loader-0.16.3.jar:?]
	at net.fabricmc.loader.impl.launch.knot.KnotServer.main(KnotServer.java:23) ~[fabric-loader-0.16.3.jar:?]
	at net.fabricmc.loader.impl.launch.server.FabricServerLauncher.main(FabricServerLauncher.java:69) ~[fabric-loader-0.16.3.jar:?]
	at net.fabricmc.installer.ServerLauncher.main(ServerLauncher.java:69) ~[fabric-server-launch.jar:1.0.1]
[00:28:52] [main/ERROR]: Parsing error loading recipe deeperdarker:warden_backtank_smithing
com.google.gson.JsonSyntaxException: Unknown item 'create:netherite_backtank'
	at net.minecraft.class_1869.method_17878(class_1869.java:272) ~[server-intermediary.jar:?]
	at java.util.Optional.orElseThrow(Optional.java:403) ~[?:?]
	at net.minecraft.class_1869.method_8155(class_1869.java:272) ~[server-intermediary.jar:?]
	at net.minecraft.class_1856.method_8107(class_1856.java:160) ~[server-intermediary.jar:?]
	at net.minecraft.class_1856.method_8102(class_1856.java:143) ~[server-intermediary.jar:?]
	at net.minecraft.class_1856.method_52177(class_1856.java:135) ~[server-intermediary.jar:?]
	at net.minecraft.class_8060$class_8061.method_48455(class_8060.java:88) ~[server-intermediary.jar:?]
	at net.minecraft.class_8060$class_8061.method_8121(class_8060.java:84) ~[server-intermediary.jar:?]
	at net.minecraft.class_1863.method_17720(class_1863.java:135) ~[server-intermediary.jar:?]
	at net.minecraft.class_1863.method_20705(class_1863.java:56) ~[server-intermediary.jar:?]
	at net.minecraft.class_1863.method_18788(class_1863.java:35) ~[server-intermediary.jar:?]
	at net.minecraft.class_4080.method_18790(class_4080.java:13) ~[server-intermediary.jar:?]
	at java.util.concurrent.CompletableFuture$UniAccept.tryFire(CompletableFuture.java:718) ~[?:?]
	at java.util.concurrent.CompletableFuture$Completion.run(CompletableFuture.java:482) ~[?:?]
	at net.minecraft.class_4014.method_18365(class_4014.java:69) ~[server-intermediary.jar:?]
	at net.minecraft.class_156.method_43498(class_156.java:950) ~[server-intermediary.jar:?]
	at net.minecraft.class_156.method_43499(class_156.java:938) ~[server-intermediary.jar:?]
	at net.minecraft.server.Main.main(Main.java:160) ~[server-intermediary.jar:?]
	at net.fabricmc.loader.impl.game.minecraft.MinecraftGameProvider.launch(MinecraftGameProvider.java:480) ~[fabric-loader-0.16.3.jar:?]
	at net.fabricmc.loader.impl.launch.knot.Knot.launch(Knot.java:74) ~[fabric-loader-0.16.3.jar:?]
	at net.fabricmc.loader.impl.launch.knot.KnotServer.main(KnotServer.java:23) ~[fabric-loader-0.16.3.jar:?]
	at net.fabricmc.loader.impl.launch.server.FabricServerLauncher.main(FabricServerLauncher.java:69) ~[fabric-loader-0.16.3.jar:?]
	at net.fabricmc.installer.ServerLauncher.main(ServerLauncher.java:69) ~[fabric-server-launch.jar:1.0.1]
[00:28:52] [main/INFO]: Loaded 14 recipes
[00:28:52] [main/ERROR]: Parsing error loading custom advancement explorerscompass:explorers_compass_cobweb: Expected items to be a JsonArray, was "min...eb"
[00:28:52] [main/ERROR]: Parsing error loading custom advancement explorerscompass:explorers_compass: Expected items to be a JsonArray, was "min...ss"
[00:28:52] [main/ERROR]: Parsing error loading custom advancement explorerscompass:explorers_compass_cracked_stone_bricks: Expected items to be a JsonArray, was "min...ks"
[00:28:52] [main/INFO]: Loaded 2134 advancements
[00:28:52] [main/INFO]: Registered 16 gear_sets.
[00:28:52] [main/INFO]: Registered 6 rarities.
[00:28:52] [main/INFO]: Registered 81 affixes.
[00:28:52] [main/ERROR]: Insufficient number of affixes to satisfy the loot rules (ignoring backup rules) of rarity zenith:mythic for category helmetRequired: 3; Provided: 2
[00:28:52] [main/ERROR]: Insufficient number of affixes to satisfy the loot rules (ignoring backup rules) of rarity zenith:mythic for category bootsRequired: 3; Provided: 2
[00:28:52] [main/ERROR]: Insufficient number of affixes to satisfy the loot rules (ignoring backup rules) of rarity zenith:ancient for category helmetRequired: 4; Provided: 2
[00:28:52] [main/ERROR]: Insufficient number of affixes to satisfy the loot rules (ignoring backup rules) of rarity zenith:ancient for category bootsRequired: 4; Provided: 2
[00:28:52] [main/ERROR]: Insufficient number of affixes to satisfy the loot rules (ignoring backup rules) of rarity zenith:ancient for category bowRequired: 5; Provided: 4
[00:28:52] [main/ERROR]: Insufficient number of affixes to satisfy the loot rules (ignoring backup rules) of rarity zenith:ancient for category crossbowRequired: 5; Provided: 4
[00:28:52] [main/ERROR]: Insufficient number of affixes to satisfy the loot rules (ignoring backup rules) of rarity zenith:ancient for category pickaxeRequired: 5; Provided: 4
[00:28:52] [main/ERROR]: Insufficient number of affixes to satisfy the loot rules (ignoring backup rules) of rarity zenith:ancient for category shovelRequired: 5; Provided: 4
[00:28:52] [main/ERROR]: Insufficient number of affixes to satisfy the loot rules (ignoring backup rules) of rarity zenith:ancient for category shieldRequired: 5; Provided: 4
[00:28:52] [main/INFO]: Registered 19 gems.
[00:28:52] [main/INFO]: Registered 65 affix_loot_entries.
[00:28:52] [main/INFO]: Registered 17 bosses.
[00:28:52] [main/INFO]: Registered 8 rogue_spawners.
[00:28:52] [main/INFO]: Registered 5 minibosses.
[00:28:52] [main/INFO]: Registered 28 wanderer_trades.
[00:28:52] [main/INFO]: Registered 29 enchanting_stats.
[00:28:53] [main/INFO]: Loaded boss variant for: minecraft:drowned
[00:28:53] [main/INFO]: Loaded boss variant for: minecraft:iron_golem
[00:28:53] [main/INFO]: Loaded boss variant for: minecraft:snow_golem
[00:28:53] [main/INFO]: Loaded boss variant for: minecraft:zombie
[00:28:53] [main/INFO]: Loaded boss variant for: minecraft:skeleton
[00:28:53] [main/INFO]: Loaded boss variant for: minecraft:pillager
[00:28:53] [main/INFO]: Loaded boss variant for: minecraft:vex
[00:28:53] [main/INFO]: Loaded boss variant for: minecraft:evoker
[00:28:53] [main/INFO]: Loaded boss variant for: minecraft:zombie
[00:28:53] [main/INFO]: Loaded boss variant for: minecraft:vindicator
[00:28:53] [main/INFO]: Loaded boss variant for: minecraft:wither_skeleton
[00:28:53] [main/INFO]: Loaded boss variant for: minecraft:wither_skeleton
[00:28:53] [main/INFO]: Loaded boss variant for: minecraft:cave_spider
[00:28:53] [main/INFO]: Loaded boss variant for: minecraft:zombie
[00:28:53] [main/INFO]: Loaded boss variant for: minecraft:husk
[00:28:53] [main/INFO]: Loaded boss variant for: minecraft:evoker
[00:28:53] [main/INFO]: Loaded boss variant for: minecraft:wandering_trader
[00:28:53] [main/INFO]: Loaded boss variant for: minecraft:guardian
[00:28:53] [main/INFO]: Loaded boss variant for: minecraft:vindicator
[00:28:53] [main/INFO]: Loaded boss variant for: minecraft:shulker
[00:28:53] [main/INFO]: Loaded boss variant for: minecraft:zoglin
[00:28:53] [main/INFO]: Loaded boss variant for: minecraft:chicken
[00:28:53] [main/INFO]: Loaded boss variant for: minecraft:blaze
[00:28:53] [main/INFO]: Loaded boss variant for: minecraft:witch
[00:28:53] [main/INFO]: Loaded boss variant for: minecraft:phantom
[00:28:53] [main/INFO]: Loaded boss variant for: minecraft:mooshroom
[00:28:53] [main/INFO]: Loaded boss variant for: minecraft:rabbit
[00:28:53] [main/INFO]: Loaded boss variant for: minecraft:piglin_brute
[00:28:53] [main/INFO]: Loaded boss variant for: minecraft:ghast
[00:28:53] [main/INFO]: Loaded boss variant for: minecraft:stray
[00:28:53] [main/INFO]: Successfully reload 1 server config(s).
[00:28:53] [main/INFO]: Parsing loot modifiers for:lootintegrations:dungeonloot_nether with loottable: lootintegrations:chests/nether
[00:28:53] [main/INFO]: Parsing loot modifiers for:lootintegrations:dungeonloot_hard with loottable: lootintegrations:chests/hard
[00:28:53] [main/INFO]: Parsing loot modifiers for:lootintegrations:dungeonloot_water with loottable: lootintegrations:chests/water
[00:28:53] [main/INFO]: Parsing loot modifiers for:lootintegrations:dungeonloot_medium with loottable: lootintegrations:chests/medium
[00:28:53] [main/INFO]: Parsing loot modifiers for:lootintegrations:villageloot_house with loottable: lootintegrations:chests/village
[00:28:53] [main/INFO]: Parsing loot modifiers for:lootintegrations:dungeonloot_easy with loottable: lootintegrations:chests/easy
[00:28:53] [main/INFO]: Parsing loot modifiers for:lootintegrations:dungeonloot_no_overflow with loottable: minecraft:chests/simple_dungeon
[00:28:53] [Thread-9/INFO]: Loaded 56 translation keys
[00:28:53] [main/INFO]: Loaded 144 recipes
[00:28:53] [main/INFO]: Reloading grave shape (server)
[00:28:53] [main/INFO]: Grave model and shape reload successful (server)
[00:28:53] [main/INFO]: Reloading YIGD graveyard data (server)
[00:28:53] [main/INFO]: Graveyard data successfully reloaded (server)
[00:28:53] [main/INFO]: Reloading YIGD grave area overrides (server)
[00:28:53] [main/INFO]: Grave area overrides successfully reloaded (server)
[00:28:54] [main/INFO]: Applied 1447 biome modifications to 157 of 167 new biomes in 86.17 ms
[00:28:54] [Server thread/INFO]: Loading server configs...
[00:28:54] [Server thread/INFO]: Adding waystone fwaystones:village_waystone to village kaisyn:village/flower_forest_japanese/houses
[00:28:54] [Server thread/ERROR]: Cannot add to kaisyn:village/flower_forest_japanese/houses as it cannot be found!
[00:28:54] [Server thread/INFO]: Adding waystone fwaystones:desert_village_waystone to village ctov:village/desert_oasis/house
[00:28:54] [Server thread/ERROR]: Cannot add to ctov:village/desert_oasis/house as it cannot be found!
[00:28:54] [Server thread/INFO]: Adding waystone fwaystones:village_waystone to village ctov:village/mountain_alpine/house
[00:28:54] [Server thread/ERROR]: Cannot add to ctov:village/mountain_alpine/house as it cannot be found!
[00:28:54] [Server thread/INFO]: Adding waystone fwaystones:village_waystone to village kaisyn:village/beach_lighthouse/side
[00:28:54] [Server thread/ERROR]: Cannot add to kaisyn:village/beach_lighthouse/side as it cannot be found!
[00:28:54] [Server thread/INFO]: Adding waystone fwaystones:village_waystone to village ctov:village/savanna_na/house
[00:28:54] [Server thread/ERROR]: Cannot add to ctov:village/savanna_na/house as it cannot be found!
[00:28:54] [Server thread/INFO]: Adding waystone fwaystones:village_waystone to village ctov:village/swamp/house
[00:28:54] [Server thread/ERROR]: Cannot add to ctov:village/swamp/house as it cannot be found!
[00:28:54] [Server thread/INFO]: Adding waystone fwaystones:village_waystone to village minecraft:village/savanna/houses
[00:28:54] [Server thread/INFO]: Adding waystone fwaystones:village_waystone to village ctov:village/snowy_igloo/house
[00:28:54] [Server thread/ERROR]: Cannot add to ctov:village/snowy_igloo/house as it cannot be found!
[00:28:54] [Server thread/INFO]: Adding waystone fwaystones:village_waystone to village kaisyn:village/exclusives/nilotic/houses
[00:28:54] [Server thread/ERROR]: Cannot add to kaisyn:village/exclusives/nilotic/houses as it cannot be found!
[00:28:54] [Server thread/INFO]: Adding waystone fwaystones:village_waystone to village kaisyn:village/badlands_pueblo/houses
[00:28:54] [Server thread/ERROR]: Cannot add to kaisyn:village/badlands_pueblo/houses as it cannot be found!
[00:28:54] [Server thread/INFO]: Adding waystone fwaystones:village_waystone to village kaisyn:village/exclusives/tudor/houses
[00:28:54] [Server thread/ERROR]: Cannot add to kaisyn:village/exclusives/tudor/houses as it cannot be found!
[00:28:54] [Server thread/INFO]: Adding waystone fwaystones:village_waystone to village ctov:village/mushroom/house
[00:28:54] [Server thread/ERROR]: Cannot add to ctov:village/mushroom/house as it cannot be found!
[00:28:54] [Server thread/INFO]: Adding waystone fwaystones:village_waystone to village kaisyn:village/exclusives/mediterranean/houses/regular
[00:28:54] [Server thread/ERROR]: Cannot add to kaisyn:village/exclusives/mediterranean/houses/regular as it cannot be found!
[00:28:54] [Server thread/INFO]: Adding waystone fwaystones:village_waystone to village minecraft:village/taiga/houses
[00:28:54] [Server thread/INFO]: Adding waystone fwaystones:village_waystone to village kaisyn:village/birch_forest_romanian/houses
[00:28:54] [Server thread/ERROR]: Cannot add to kaisyn:village/birch_forest_romanian/houses as it cannot be found!
[00:28:54] [Server thread/INFO]: Adding waystone fwaystones:red_desert_village_waystone to village ctov:village/mesa_fortified/house
[00:28:54] [Server thread/ERROR]: Cannot add to ctov:village/mesa_fortified/house as it cannot be found!
[00:28:54] [Server thread/INFO]: Adding waystone fwaystones:village_waystone to village kaisyn:village/exclusives/classic/houses
[00:28:54] [Server thread/ERROR]: Cannot add to kaisyn:village/exclusives/classic/houses as it cannot be found!
[00:28:54] [Server thread/INFO]: Adding waystone fwaystones:village_waystone to village kaisyn:village/exclusives/wandering_trader_camp/side
[00:28:54] [Server thread/ERROR]: Cannot add to kaisyn:village/exclusives/wandering_trader_camp/side as it cannot be found!
[00:28:54] [Server thread/INFO]: Adding waystone fwaystones:desert_village_waystone to village ctov:village/desert/house
[00:28:54] [Server thread/ERROR]: Cannot add to ctov:village/desert/house as it cannot be found!
[00:28:54] [Server thread/INFO]: Adding waystone fwaystones:village_waystone to village kaisyn:village/exclusives/rustic/houses
[00:28:54] [Server thread/ERROR]: Cannot add to kaisyn:village/exclusives/rustic/houses as it cannot be found!
[00:28:54] [Server thread/INFO]: Adding waystone fwaystones:desert_village_waystone to village minecraft:village/desert/houses
[00:28:54] [Server thread/INFO]: Adding waystone fwaystones:village_waystone to village ctov:village/savanna/house
[00:28:54] [Server thread/ERROR]: Cannot add to ctov:village/savanna/house as it cannot be found!
[00:28:54] [Server thread/INFO]: Adding waystone fwaystones:desert_village_waystone to village ctov:village/beach/house
[00:28:54] [Server thread/ERROR]: Cannot add to ctov:village/beach/house as it cannot be found!
[00:28:54] [Server thread/INFO]: Adding waystone fwaystones:village_waystone to village minecraft:village/plains/houses
[00:28:54] [Server thread/INFO]: Adding waystone fwaystones:village_waystone to village ctov:village/taiga/house
[00:28:54] [Server thread/ERROR]: Cannot add to ctov:village/taiga/house as it cannot be found!
[00:28:54] [Server thread/INFO]: Adding waystone fwaystones:stone_brick_village_waystone to village ctov:village/underground/house
[00:28:54] [Server thread/ERROR]: Cannot add to ctov:village/underground/house as it cannot be found!
[00:28:54] [Server thread/INFO]: Adding waystone fwaystones:red_desert_village_waystone to village ctov:village/mesa/house
[00:28:54] [Server thread/ERROR]: Cannot add to ctov:village/mesa/house as it cannot be found!
[00:28:54] [Server thread/INFO]: Adding waystone fwaystones:village_waystone to village kaisyn:village/grove_villager_outpost/decor
[00:28:54] [Server thread/ERROR]: Cannot add to kaisyn:village/grove_villager_outpost/decor as it cannot be found!
[00:28:54] [Server thread/INFO]: Adding waystone fwaystones:mossy_stone_brick_village_waystone to village ctov:village/jungle/house
[00:28:54] [Server thread/ERROR]: Cannot add to ctov:village/jungle/house as it cannot be found!
[00:28:54] [Server thread/INFO]: Adding waystone fwaystones:village_waystone to village ctov:village/mountain/house
[00:28:54] [Server thread/ERROR]: Cannot add to ctov:village/mountain/house as it cannot be found!
[00:28:54] [Server thread/INFO]: Adding waystone fwaystones:village_waystone to village ctov:village/halloween/house
[00:28:54] [Server thread/ERROR]: Cannot add to ctov:village/halloween/house as it cannot be found!
[00:28:54] [Server thread/INFO]: Adding waystone fwaystones:village_waystone to village kaisyn:village/jungle_tribal/houses
[00:28:54] [Server thread/ERROR]: Cannot add to kaisyn:village/jungle_tribal/houses as it cannot be found!
[00:28:54] [Server thread/INFO]: Adding waystone fwaystones:village_waystone to village kaisyn:village/exclusives/iberian/houses
[00:28:54] [Server thread/ERROR]: Cannot add to kaisyn:village/exclusives/iberian/houses as it cannot be found!
[00:28:54] [Server thread/INFO]: Adding waystone fwaystones:village_waystone to village ctov:village/christmas/house
[00:28:54] [Server thread/ERROR]: Cannot add to ctov:village/christmas/house as it cannot be found!
[00:28:54] [Server thread/INFO]: Adding waystone fwaystones:village_waystone to village minecraft:village/snowy/houses
[00:28:54] [Server thread/INFO]: Adding waystone fwaystones:village_waystone to village ctov:village/plains/house
[00:28:54] [Server thread/ERROR]: Cannot add to ctov:village/plains/house as it cannot be found!
[00:28:54] [Server thread/INFO]: Adding waystone fwaystones:village_waystone to village ctov:village/swamp_fortified/house
[00:28:54] [Server thread/ERROR]: Cannot add to ctov:village/swamp_fortified/house as it cannot be found!
[00:28:54] [Server thread/INFO]: Adding waystone fwaystones:village_waystone to village ctov:village/plains_fortified/house
[00:28:54] [Server thread/ERROR]: Cannot add to ctov:village/plains_fortified/house as it cannot be found!
[00:28:54] [Server thread/INFO]: Adding waystone fwaystones:village_waystone to village ctov:village/taiga_fortified/house
[00:28:54] [Server thread/ERROR]: Cannot add to ctov:village/taiga_fortified/house as it cannot be found!
[00:28:54] [Server thread/INFO]: Adding waystone fwaystones:village_waystone to village kaisyn:village/exclusives/swedish/houses
[00:28:54] [Server thread/ERROR]: Cannot add to kaisyn:village/exclusives/swedish/houses as it cannot be found!
[00:28:54] [Server thread/INFO]: Adding waystone fwaystones:mossy_stone_brick_village_waystone to village ctov:village/jungle_tree/house
[00:28:54] [Server thread/ERROR]: Cannot add to ctov:village/jungle_tree/house as it cannot be found!
[00:28:54] [Server thread/INFO]: [STDOUT]: Encoded SpellRegistry size (with package overhead): 96333 bytes (in 10 string chunks with the size of 10000)
[00:28:54] [Server thread/INFO]: Starting minecraft server version 1.20.1
[00:28:54] [Server thread/INFO]: Loading properties
[00:28:54] [Server thread/INFO]: Default game type: SURVIVAL
[00:28:54] [Server thread/INFO]: Generating keypair
[00:28:54] [Server thread/INFO]: Starting Minecraft server on *:25565
[00:28:54] [Server thread/INFO]: Using epoll channel type
[00:28:54] [Server thread/WARN]: **** SERVER IS RUNNING IN OFFLINE/INSECURE MODE!
[00:28:54] [Server thread/WARN]: The server will make no attempt to authenticate usernames. Beware.
[00:28:54] [Server thread/WARN]: While this makes the game possible to play without internet access, it also opens up the ability for hackers to connect with any username they choose.
[00:28:54] [Server thread/WARN]: To change this, set "online-mode" to "true" in the server.properties file.
[00:28:54] [Server thread/INFO]: Preparing level "world"
[00:28:55] [Server thread/INFO]: Preparing start region for dimension minecraft:overworld
[00:28:59] [Server thread/INFO]: Preparing spawn area: 0%
[00:28:59] [Server thread/INFO]: Preparing spawn area: 0%
[00:28:59] [Server thread/INFO]: Preparing spawn area: 0%
[00:28:59] [Server thread/INFO]: Preparing spawn area: 0%
[00:28:59] [Server thread/INFO]: Preparing spawn area: 0%
[00:28:59] [Server thread/INFO]: Preparing spawn area: 0%
[00:28:59] [Server thread/INFO]: Preparing spawn area: 0%
[00:28:59] [Server thread/INFO]: Preparing spawn area: 0%
[00:28:59] [Server thread/INFO]: Preparing spawn area: 0%
[00:29:00] [Server thread/INFO]: Preparing spawn area: 0%
[00:29:01] [Server thread/INFO]: Time elapsed: 5188 ms
[00:29:01] [Server thread/INFO]: Done (6.131s)! For help, type "help"
[00:29:01] [Server thread/WARN]: Dedicated server took 47.67 seconds to load
[00:29:01] [Server thread/INFO]: Encoded Weapon Attribute registry size (with package overhead): 171971 bytes (in 18 string chunks with the size of 10000)
[00:29:01] [Server thread/INFO]: Loaded config for: lootintegrations.json
[00:29:01] [Server thread/INFO]: Loaded config for: dragonfight.json
[00:29:01] [Server thread/INFO]: Loaded config for: brutalbosses.json
[00:29:01] [Server thread/INFO]: [STDOUT]: PREPARING FOR RELOAD
[00:29:01] [Server thread/INFO]: Start loading plugin from Jade
[00:29:01] [Server thread/INFO]: Start loading plugin from Jade
[00:29:01] [Server thread/INFO]: Start loading plugin from Jade
[00:29:01] [Server thread/INFO]: Start loading plugin from Polymer (Core)
[00:29:01] [Server thread/INFO]: Start loading plugin from Zenith
[00:29:01] [Server thread/INFO]: Start loading plugin from Zenith
[00:29:01] [Server thread/INFO]: Start loading plugin from Zenith
[00:29:01] [Server thread/WARN]: [voicechat] Running in offline mode - Voice chat encryption is not secure!
[00:29:01] [VoiceChatServerThread/INFO]: [voicechat] Voice host is 'south-treasury.gl.at.ply.gg:2610'
[00:29:01] [VoiceChatServerThread/INFO]: [voicechat] Voice chat server started at port 2610
[00:29:01] [Server thread/INFO]: Loaded values for 69 compatible attributes.
[00:29:01] [Server thread/INFO]: Loaded 69 values from config.
[00:29:01] [Server thread/INFO]: Saving config file. 69 entries.
[00:29:01] [Server thread/INFO]: Applying changes for 69 attributes.
[00:29:01] [Server thread/INFO]: Loading Xaero's Minimap - Stage 2/2 (Server)
[00:29:01] [Server thread/INFO]: Loading Xaero's World Map - Stage 2/2 (Server)
[00:29:01] [Server thread/INFO]: Values have been reloaded
[00:29:01] [Server thread/INFO]: Loaded Reach Entity Attributes scaler
[00:30:05] [Server thread/INFO]: NotTrainok[/127.35.250.34:38553] logged in with entity id 52 at (-707.5971294454143, 109.0, -1571.5892752646048)
[00:30:05] [Netty Epoll Server IO #0/INFO]: [showmeyourskin] Client of NotTrainok accepted server config.
[00:30:05] [Server thread/INFO]: Sending server config values to client
[00:30:05] [Server thread/INFO]: Syncing config to NotTrainok (2013165f-f22c-305a-8b32-33fa70672379)
[00:30:05] [Netty Epoll Server IO #0/INFO]: Receiving client config
[00:30:06] [Server thread/INFO]: Loading config from file...
[00:30:07] [Server thread/INFO]: [voicechat] Using Fabric Permissions API
[00:30:07] [Server thread/INFO]: NotTrainok joined the game
[00:30:07] [Server thread/WARN]: Can't keep up! Is the server overloaded? Running 2004ms or 40 ticks behind
[00:30:13] [Netty Epoll Server IO #0/INFO]: Priority overwritten for player NotTrainok. Claiming: GRAVE / Robbing: INVENTORY
[00:30:13] [Server thread/INFO]: [voicechat] Received secret request of NotTrainok (18)
[00:30:13] [Server thread/INFO]: [voicechat] Sent secret to NotTrainok
[00:30:24] [VoiceChatPacketProcessingThread/INFO]: [voicechat] Successfully authenticated player 2013165f-f22c-305a-8b32-33fa70672379
[00:30:25] [VoiceChatPacketProcessingThread/INFO]: [voicechat] Successfully validated connection of player 2013165f-f22c-305a-8b32-33fa70672379
[00:30:25] [VoiceChatPacketProcessingThread/INFO]: [voicechat] Player NotTrainok (2013165f-f22c-305a-8b32-33fa70672379) successfully connected to voice chat
[00:30:49] [Server thread/INFO]: [NotTrainok: Set own game mode to Creative Mode]
[00:31:11] [Server thread/INFO]: [NotTrainok: Set own game mode to Survival Mode]
[00:31:46] [Server thread/INFO]: [NotTrainok: Set own game mode to Creative Mode]
[00:32:45] [Server thread/INFO]: NotTrainok has made the advancement [Can you hear it?]
[00:32:49] [Server thread/INFO]: [NotTrainok: Set own game mode to Survival Mode]
[00:32:58] [Server thread/INFO]: [NotTrainok: Teleported NotTrainok to -789.500000, 153.500000, -1738.500000]
[00:33:02] [Server thread/WARN]: Can't keep up! Is the server overloaded? Running 2049ms or 40 ticks behind
